Array
(
    [_token] => sx6rL3pQfYEromgT1BXOG1o98VyLjyo5LdCmjYtu
    [serverId] => Array
        (
            [0] => jM9nxjAT9s2eEMJG-vhmAZ61ClCdJH9NvOowptT5hqjDoOJgvCW0x251BCfT_fdP
        )

)
Array
(
    [_token] => sx6rL3pQfYEromgT1BXOG1o98VyLjyo5LdCmjYtu
    [serverId] => Array
        (
            [0] => CYWnZH3aqvW05Dl7dRrwxyBpsne4ozZv6xADqSzUL25sJRs4S5HFKKo55Mk9CkJ1
        )

)
Array
(
    [_token] => sx6rL3pQfYEromgT1BXOG1o98VyLjyo5LdCmjYtu
    [serverId] => Array
        (
            [0] => CYWnZH3aqvW05Dl7dRrwxyBpsne4ozZv6xADqSzUL25sJRs4S5HFKKo55Mk9CkJ1
            [1] => UrsrsLKDtX6K9C0ZbdcATgYCxiWNwElzmtO4KIZjr47B4kujlQQ0wAnAqWbILuNc
        )

)
